2023-06-22 21:48:28.193 [info] Using settings sync service https://vscode-sync.trafficmanager.net/
2023-06-22 21:48:28.193 [info] Auto Sync is enabled.
2023-06-22 21:48:28.193 [info] Auto Sync: Suspended until auth token is available.
2023-06-22 21:48:28.927 [info] Deleting non existing profile from backup /home/joe/.config/Code/User/sync/extensions
2023-06-22 21:48:29.093 [info] Deleting non existing profile from backup /home/joe/.config/Code/User/sync/globalState
2023-06-22 21:48:29.194 [info] Deleting non existing profile from backup /home/joe/.config/Code/User/sync/keybindings
2023-06-22 21:48:29.255 [info] Deleting non existing profile from backup /home/joe/.config/Code/User/sync/profiles
2023-06-22 21:48:29.289 [info] Deleting non existing profile from backup /home/joe/.config/Code/User/sync/settings
2023-06-22 21:48:29.330 [info] Deleting non existing profile from backup /home/joe/.config/Code/User/sync/snippets
2023-06-22 21:48:29.332 [info] Deleting non existing profile from backup /home/joe/.config/Code/User/sync/tasks
2023-06-22 21:52:01.969 [info] Auto Sync: Triggered by Interval
2023-06-22 21:52:01.969 [info] Sync started.
2023-06-22 21:52:02.257 [info] Settings: Last sync resource does not exist locally.
2023-06-22 21:52:02.365 [info] Settings: No changes found during synchronizing settings.
2023-06-22 21:52:02.370 [info] Keybindings: Last sync resource does not exist locally.
2023-06-22 21:52:02.462 [info] Keybindings: No changes found during synchronizing keybindings.
2023-06-22 21:52:02.470 [info] Snippets: Last sync resource does not exist locally.
2023-06-22 21:52:02.569 [info] Snippets: No changes found during synchronizing snippets.
2023-06-22 21:52:02.578 [info] Tasks: Last sync resource does not exist locally.
2023-06-22 21:52:02.651 [info] Tasks: No changes found during synchronizing tasks.
2023-06-22 21:52:02.654 [info] GlobalState: Last sync resource does not exist locally.
2023-06-22 21:52:02.772 [info] GlobalState: No changes found during synchronizing ui state.
2023-06-22 21:52:02.775 [info] Extensions: Last sync resource does not exist locally.
2023-06-22 21:52:03.015 [info] Extensions: No changes found during synchronizing extensions.
2023-06-22 21:52:03.018 [info] Profiles: Last sync resource does not exist locally.
2023-06-22 21:52:03.086 [info] Profiles: No changes found during synchronizing profiles.
2023-06-22 21:52:03.091 [info] Sync done. Took 1123ms
2023-06-22 21:52:44.165 [info] Auto Sync: Triggered by Activity
2023-06-22 21:52:44.166 [info] Sync started.
2023-06-22 21:52:44.246 [info] Settings: No changes found during synchronizing settings.
2023-06-22 21:52:44.262 [info] Keybindings: No changes found during synchronizing keybindings.
2023-06-22 21:52:44.272 [info] Snippets: No changes found during synchronizing snippets.
2023-06-22 21:52:44.283 [info] Tasks: No changes found during synchronizing tasks.
2023-06-22 21:52:44.299 [info] GlobalState: No changes found during synchronizing ui state.
2023-06-22 21:52:44.447 [info] Extensions: No changes found during synchronizing extensions.
2023-06-22 21:52:44.451 [info] Profiles: No changes found during synchronizing profiles.
2023-06-22 21:52:44.455 [info] Sync done. Took 291ms
