2023-06-22 21:55:00.428 [info] Using settings sync service https://vscode-sync.trafficmanager.net/
2023-06-22 21:55:00.428 [info] Auto Sync is enabled.
2023-06-22 21:55:00.428 [info] Auto Sync: Suspended until auth token is available.
2023-06-22 21:55:01.461 [info] Deleting non existing profile from backup /home/joe/.config/Code/User/sync/extensions
2023-06-22 21:55:01.505 [info] Deleting non existing profile from backup /home/joe/.config/Code/User/sync/globalState
2023-06-22 21:55:01.520 [info] Deleting non existing profile from backup /home/joe/.config/Code/User/sync/keybindings
2023-06-22 21:55:01.550 [info] Deleting non existing profile from backup /home/joe/.config/Code/User/sync/profiles
2023-06-22 21:55:01.554 [info] Deleting non existing profile from backup /home/joe/.config/Code/User/sync/settings
2023-06-22 21:55:01.556 [info] Deleting non existing profile from backup /home/joe/.config/Code/User/sync/snippets
2023-06-22 21:55:01.559 [info] Deleting non existing profile from backup /home/joe/.config/Code/User/sync/tasks
2023-06-22 21:55:09.939 [info] Auto Sync: Triggered by Interval
2023-06-22 21:55:09.939 [info] Sync started.
2023-06-22 21:55:10.193 [info] Settings: Last sync resource does not exist locally.
2023-06-22 21:55:10.303 [info] Settings: No changes found during synchronizing settings.
2023-06-22 21:55:10.317 [info] Keybindings: Last sync resource does not exist locally.
2023-06-22 21:55:10.405 [info] Keybindings: No changes found during synchronizing keybindings.
2023-06-22 21:55:10.411 [info] Snippets: Last sync resource does not exist locally.
2023-06-22 21:55:10.477 [info] Snippets: No changes found during synchronizing snippets.
2023-06-22 21:55:10.480 [info] Tasks: Last sync resource does not exist locally.
2023-06-22 21:55:10.563 [info] Tasks: No changes found during synchronizing tasks.
2023-06-22 21:55:10.572 [info] GlobalState: Last sync resource does not exist locally.
2023-06-22 21:55:10.693 [info] GlobalState: No changes found during synchronizing ui state.
2023-06-22 21:55:10.697 [info] Extensions: Last sync resource does not exist locally.
2023-06-22 21:55:10.846 [info] Extensions: No changes found during synchronizing extensions.
2023-06-22 21:55:10.850 [info] Profiles: Last sync resource does not exist locally.
2023-06-22 21:55:10.915 [info] Profiles: No changes found during synchronizing profiles.
2023-06-22 21:55:10.918 [info] Sync done. Took 979ms
2023-06-22 21:55:34.671 [info] Auto Sync: Triggered by Activity
2023-06-22 21:55:34.671 [info] Sync started.
2023-06-22 21:55:34.748 [info] Settings: No changes found during synchronizing settings.
2023-06-22 21:55:34.763 [info] Keybindings: No changes found during synchronizing keybindings.
2023-06-22 21:55:34.776 [info] Snippets: No changes found during synchronizing snippets.
2023-06-22 21:55:34.787 [info] Tasks: No changes found during synchronizing tasks.
2023-06-22 21:55:34.803 [info] GlobalState: No changes found during synchronizing ui state.
2023-06-22 21:55:34.951 [info] Extensions: No changes found during synchronizing extensions.
2023-06-22 21:55:34.954 [info] Profiles: No changes found during synchronizing profiles.
2023-06-22 21:55:34.957 [info] Sync done. Took 287ms
2023-06-22 21:55:56.471 [info] Auto Sync: Triggered by Activity
2023-06-22 21:55:56.471 [info] Sync started.
2023-06-22 21:55:56.546 [info] Settings: No changes found during synchronizing settings.
2023-06-22 21:55:56.558 [info] Keybindings: No changes found during synchronizing keybindings.
2023-06-22 21:55:56.564 [info] Snippets: No changes found during synchronizing snippets.
2023-06-22 21:55:56.569 [info] Tasks: No changes found during synchronizing tasks.
2023-06-22 21:55:56.579 [info] GlobalState: No changes found during synchronizing ui state.
2023-06-22 21:55:56.706 [info] Extensions: No changes found during synchronizing extensions.
2023-06-22 21:55:56.711 [info] Profiles: No changes found during synchronizing profiles.
2023-06-22 21:55:56.714 [info] Sync done. Took 245ms
2023-06-22 21:57:36.733 [info] Auto Sync: Triggered by Activity
2023-06-22 21:57:36.734 [info] Sync started.
2023-06-22 21:57:36.814 [info] Settings: No changes found during synchronizing settings.
2023-06-22 21:57:36.822 [info] Keybindings: No changes found during synchronizing keybindings.
2023-06-22 21:57:36.830 [info] Snippets: No changes found during synchronizing snippets.
2023-06-22 21:57:36.837 [info] Tasks: No changes found during synchronizing tasks.
2023-06-22 21:57:36.848 [info] GlobalState: No changes found during synchronizing ui state.
2023-06-22 21:57:36.948 [info] Extensions: No changes found during synchronizing extensions.
2023-06-22 21:57:36.951 [info] Profiles: No changes found during synchronizing profiles.
2023-06-22 21:57:36.954 [info] Sync done. Took 223ms
2023-06-22 21:57:52.596 [info] Auto Sync: Triggered by Activity
2023-06-22 21:57:52.597 [info] Sync started.
2023-06-22 21:57:52.678 [info] Settings: No changes found during synchronizing settings.
2023-06-22 21:57:52.687 [info] Keybindings: No changes found during synchronizing keybindings.
2023-06-22 21:57:52.695 [info] Snippets: No changes found during synchronizing snippets.
2023-06-22 21:57:52.704 [info] Tasks: No changes found during synchronizing tasks.
2023-06-22 21:57:52.890 [info] GlobalState: Updated remote ui state. Added: commandPalette.mru.cache,commandPalette.mru.counter,workbench.view.sync.state.hidden. Updated: workbench.activity.pinnedViewlets2.
2023-06-22 21:57:52.905 [info] GlobalState: Updated last synchronized ui state
2023-06-22 21:57:53.061 [info] Extensions: No changes found during synchronizing extensions.
2023-06-22 21:57:53.067 [info] Profiles: No changes found during synchronizing profiles.
2023-06-22 21:57:53.072 [info] Sync done. Took 476ms
2023-06-22 21:59:01.430 [info] Auto Sync: Triggered by Activity
2023-06-22 21:59:01.430 [info] Sync started.
2023-06-22 21:59:01.502 [info] Settings: No changes found during synchronizing settings.
2023-06-22 21:59:01.514 [info] Keybindings: No changes found during synchronizing keybindings.
2023-06-22 21:59:01.526 [info] Snippets: No changes found during synchronizing snippets.
2023-06-22 21:59:01.537 [info] Tasks: No changes found during synchronizing tasks.
2023-06-22 21:59:01.552 [info] GlobalState: No changes found during synchronizing ui state.
2023-06-22 21:59:01.704 [info] Extensions: No changes found during synchronizing extensions.
2023-06-22 21:59:01.709 [info] Profiles: No changes found during synchronizing profiles.
2023-06-22 21:59:01.712 [info] Sync done. Took 283ms
2023-06-22 22:00:42.406 [info] Auto Sync: Triggered by Activity
2023-06-22 22:00:42.407 [info] Sync started.
2023-06-22 22:00:42.481 [info] Settings: No changes found during synchronizing settings.
2023-06-22 22:00:42.494 [info] Keybindings: No changes found during synchronizing keybindings.
2023-06-22 22:00:42.506 [info] Snippets: No changes found during synchronizing snippets.
2023-06-22 22:00:42.516 [info] Tasks: No changes found during synchronizing tasks.
2023-06-22 22:00:42.531 [info] GlobalState: No changes found during synchronizing ui state.
2023-06-22 22:00:42.631 [info] Extensions: No changes found during synchronizing extensions.
2023-06-22 22:00:42.634 [info] Profiles: No changes found during synchronizing profiles.
2023-06-22 22:00:42.636 [info] Sync done. Took 232ms
2023-06-22 22:05:36.996 [info] Auto Sync: Triggered by Activity
2023-06-22 22:05:36.997 [info] Sync started.
2023-06-22 22:05:37.199 [info] Settings: No changes found during synchronizing settings.
2023-06-22 22:05:37.216 [info] Keybindings: No changes found during synchronizing keybindings.
2023-06-22 22:05:37.223 [info] Snippets: No changes found during synchronizing snippets.
2023-06-22 22:05:37.229 [info] Tasks: No changes found during synchronizing tasks.
2023-06-22 22:05:37.237 [info] GlobalState: No changes found during synchronizing ui state.
2023-06-22 22:05:37.375 [info] Extensions: No changes found during synchronizing extensions.
2023-06-22 22:05:37.377 [info] Profiles: No changes found during synchronizing profiles.
2023-06-22 22:05:37.380 [info] Sync done. Took 385ms
