2023-06-23 22:03:36.993 [info] Getting Manifest... ms-vscode-remote.remote-ssh
2023-06-23 22:03:37.002 [info] Installing extension: ms-vscode-remote.remote-ssh
2023-06-23 22:03:37.002 [info] Installing the extension without checking dependencies and pack ms-vscode-remote.remote-ssh
2023-06-23 22:03:37.018 [info] Getting Manifest... ms-vscode.remote-explorer
2023-06-23 22:03:37.040 [info] Installing extension: ms-vscode.remote-explorer
2023-06-23 22:03:37.041 [info] Installing the extension without checking dependencies and pack ms-vscode.remote-explorer
2023-06-23 22:03:39.630 [info] Extension signature is verified: ms-vscode.remote-explorer
2023-06-23 22:03:39.658 [info] Extension signature is verified: ms-vscode-remote.remote-ssh
2023-06-23 22:03:39.770 [info] Extracted extension to /home/joe/.vscode/extensions/.dd805767-872d-44af-b014-c91fd1ffba4b: ms-vscode.remote-explorer
2023-06-23 22:03:39.780 [info] Renamed to /home/joe/.vscode/extensions/ms-vscode.remote-explorer-0.4.0
2023-06-23 22:03:39.784 [info] Extracting extension completed. ms-vscode.remote-explorer
2023-06-23 22:03:39.798 [info] Extension installed successfully: ms-vscode.remote-explorer
2023-06-23 22:03:40.042 [info] Extracted extension to /home/joe/.vscode/extensions/.35a6a382-2438-406a-a3c7-4e3852ba85c4: ms-vscode-remote.remote-ssh
2023-06-23 22:03:40.052 [info] Renamed to /home/joe/.vscode/extensions/ms-vscode-remote.remote-ssh-0.102.0
2023-06-23 22:03:40.055 [info] Extracting extension completed. ms-vscode-remote.remote-ssh
2023-06-23 22:03:40.068 [info] Extension installed successfully: ms-vscode-remote.remote-ssh
2023-06-23 22:04:22.412 [info] Getting Manifest... ms-python.python
2023-06-23 22:04:22.428 [info] Installing extension: ms-python.python
2023-06-23 22:04:22.764 [info] Getting Manifest... ms-python.vscode-pylance
2023-06-23 22:04:22.885 [info] Installing extension: ms-python.vscode-pylance ms-python.python
2023-06-23 22:04:28.587 [info] Extension signature is verified: ms-python.python
2023-06-23 22:04:30.941 [info] Extracted extension to /home/joe/.vscode/extensions/.5efbd142-1d86-4d4c-992f-6cb7bc0a0b81: ms-python.python
2023-06-23 22:04:30.953 [info] Renamed to /home/joe/.vscode/extensions/ms-python.python-2023.10.1
2023-06-23 22:04:30.965 [info] Extracting extension completed. ms-python.python
2023-06-23 22:04:35.987 [info] Extension signature is verified: ms-python.vscode-pylance
2023-06-23 22:04:39.787 [info] Extracted extension to /home/joe/.vscode/extensions/.0809b870-1279-4a6d-ad9f-2fdb0f04d2cb: ms-python.vscode-pylance
2023-06-23 22:04:39.809 [info] Renamed to /home/joe/.vscode/extensions/ms-python.vscode-pylance-2023.6.30
2023-06-23 22:04:39.812 [info] Extracting extension completed. ms-python.vscode-pylance
2023-06-23 22:04:39.826 [info] Extension installed successfully: ms-python.python
2023-06-23 22:04:39.826 [info] Extension installed successfully: ms-python.vscode-pylance
