2023-06-26 20:39:45.522 [info] Log level: Info
2023-06-26 20:39:45.522 [info] Validating found git in: "git"
2023-06-26 20:39:45.522 [warning] Git installation not found.
2023-06-26 21:05:47.561 [info] Log level: Info
2023-06-26 21:05:47.561 [info] Validating found git in: "git"
2023-06-26 21:05:47.561 [info] Using git "2.39.2" from "git"
2023-06-26 21:05:47.568 [info] > git rev-parse --show-toplevel [15ms]
2023-06-26 21:05:47.568 [info] fatal: not a git repository (or any of the parent directories): .git
2023-06-26 21:05:47.586 [info] > git rev-parse --show-toplevel [4ms]
2023-06-26 21:05:47.586 [info] fatal: not a git repository (or any of the parent directories): .git
2023-06-26 21:05:47.634 [info] > git rev-parse --show-toplevel [6ms]
2023-06-26 21:05:47.634 [info] fatal: not a git repository (or any of the parent directories): .git
2023-06-26 21:05:47.693 [info] > git rev-parse --show-toplevel [42ms]
2023-06-26 21:05:47.693 [info] fatal: not a git repository (or any of the parent directories): .git
2023-06-26 21:05:47.732 [info] > git rev-parse --show-toplevel [21ms]
2023-06-26 21:05:47.732 [info] fatal: not a git repository (or any of the parent directories): .git
2023-06-26 21:05:47.750 [info] > git rev-parse --show-toplevel [9ms]
2023-06-26 21:05:47.750 [info] fatal: not a git repository (or any of the parent directories): .git
2023-06-26 21:05:47.804 [info] > git rev-parse --show-toplevel [3ms]
2023-06-26 21:05:47.804 [info] fatal: not a git repository (or any of the parent directories): .git
2023-06-26 21:05:47.817 [info] > git rev-parse --show-toplevel [5ms]
2023-06-26 21:05:47.817 [info] fatal: not a git repository (or any of the parent directories): .git
2023-06-26 21:05:47.828 [info] > git rev-parse --show-toplevel [3ms]
2023-06-26 21:05:47.828 [info] fatal: not a git repository (or any of the parent directories): .git
2023-06-26 21:05:47.851 [info] > git rev-parse --show-toplevel [3ms]
2023-06-26 21:05:47.851 [info] fatal: not a git repository (or any of the parent directories): .git
2023-06-26 21:05:47.863 [info] > git rev-parse --show-toplevel [3ms]
2023-06-26 21:05:47.863 [info] fatal: not a git repository (or any of the parent directories): .git
2023-06-26 21:05:47.881 [info] > git rev-parse --show-toplevel [2ms]
2023-06-26 21:05:47.882 [info] fatal: not a git repository (or any of the parent directories): .git
2023-06-26 21:10:47.094 [info] > git rev-parse --show-toplevel [6ms]
2023-06-26 21:10:47.094 [info] fatal: not a git repository (or any of the parent directories): .git
2023-06-26 21:10:56.736 [info] > git rev-parse --show-toplevel [4ms]
2023-06-26 21:10:56.736 [info] fatal: not a git repository (or any of the parent directories): .git
2023-06-26 21:14:27.960 [info] > git rev-parse --show-toplevel [1ms]
2023-06-26 21:14:27.960 [info] fatal: not a git repository (or any of the parent directories): .git
2023-06-26 21:16:15.484 [info] > git rev-parse --show-toplevel [2ms]
2023-06-26 21:16:15.484 [info] fatal: not a git repository (or any of the parent directories): .git
2023-06-26 21:17:44.456 [info] > git rev-parse --show-toplevel [4ms]
2023-06-26 21:17:44.456 [info] fatal: not a git repository (or any of the parent directories): .git
2023-06-26 21:18:55.363 [info] > git rev-parse --show-toplevel [2ms]
2023-06-26 21:18:55.363 [info] fatal: not a git repository (or any of the parent directories): .git
2023-06-26 21:18:57.525 [info] > git rev-parse --show-toplevel [4ms]
2023-06-26 21:18:57.525 [info] fatal: not a git repository (or any of the parent directories): .git
2023-06-26 21:21:55.353 [info] > git rev-parse --show-toplevel [2ms]
2023-06-26 21:21:55.361 [info] > git rev-parse --git-dir --git-common-dir [2ms]
2023-06-26 21:21:55.379 [info] Open repository: /home/joe
2023-06-26 21:21:55.394 [info] > git config --get commit.template [2ms]
2023-06-26 21:21:55.405 [info] No remotes found in the git config file.
2023-06-26 21:21:55.407 [info] > git for-each-ref --format=%(refname)%00%(upstream:short)%00%(objectname)%00%(upstream:track)%00%(upstream:remotename)%00%(upstream:remoteref) refs/heads/main refs/remotes/main [3ms]
2023-06-26 21:21:55.419 [info] > git status -z -uno [3ms]
2023-06-26 21:21:55.433 [info] > git config --get commit.template [2ms]
2023-06-26 21:21:55.439 [info] No remotes found in the git config file.
2023-06-26 21:21:55.441 [info] > git for-each-ref --format=%(refname)%00%(upstream:short)%00%(objectname)%00%(upstream:track)%00%(upstream:remotename)%00%(upstream:remoteref) refs/heads/main refs/remotes/main [1ms]
2023-06-26 21:21:55.449 [info] > git status -z -uno [1ms]
2023-06-26 21:21:55.697 [info] > git show --textconv :README.md [9ms]
2023-06-26 21:21:55.699 [info] > git ls-files --stage -- /home/joe/README.md [2ms]
2023-06-26 21:21:55.934 [info] > git check-ignore -v -z --stdin [2ms]
2023-06-26 21:21:56.774 [info] No remotes found in the git config file.
2023-06-26 21:21:56.775 [info] > git config --get commit.template [8ms]
2023-06-26 21:21:56.775 [info] > git for-each-ref --format=%(refname)%00%(upstream:short)%00%(objectname)%00%(upstream:track)%00%(upstream:remotename)%00%(upstream:remoteref) refs/heads/main refs/remotes/main [1ms]
2023-06-26 21:21:56.782 [info] > git status -z -uno [1ms]
2023-06-26 21:22:06.577 [info] No remotes found in the git config file.
2023-06-26 21:22:06.578 [info] > git config --get commit.template [10ms]
2023-06-26 21:22:06.578 [info] > git for-each-ref --format=%(refname)%00%(upstream:short)%00%(objectname)%00%(upstream:track)%00%(upstream:remotename)%00%(upstream:remoteref) refs/heads/main refs/remotes/main [1ms]
2023-06-26 21:22:06.589 [info] > git status -z -uno [1ms]
2023-06-26 21:22:28.410 [info] No remotes found in the git config file.
2023-06-26 21:22:28.411 [info] > git config --get commit.template [8ms]
2023-06-26 21:22:28.411 [info] > git for-each-ref --format=%(refname)%00%(upstream:short)%00%(objectname)%00%(upstream:track)%00%(upstream:remotename)%00%(upstream:remoteref) refs/heads/main refs/remotes/main [1ms]
2023-06-26 21:22:28.419 [info] > git status -z -uno [2ms]
2023-06-26 21:22:33.438 [info] > git config --get commit.template [2ms]
2023-06-26 21:22:33.445 [info] No remotes found in the git config file.
2023-06-26 21:22:33.446 [info] > git for-each-ref --format=%(refname)%00%(upstream:short)%00%(objectname)%00%(upstream:track)%00%(upstream:remotename)%00%(upstream:remoteref) refs/heads/main refs/remotes/main [2ms]
2023-06-26 21:22:33.453 [info] > git status -z -uno [1ms]
2023-06-26 21:22:40.432 [info] No remotes found in the git config file.
2023-06-26 21:22:40.433 [info] > git config --get commit.template [7ms]
2023-06-26 21:22:40.433 [info] > git for-each-ref --format=%(refname)%00%(upstream:short)%00%(objectname)%00%(upstream:track)%00%(upstream:remotename)%00%(upstream:remoteref) refs/heads/main refs/remotes/main [1ms]
2023-06-26 21:22:40.440 [info] > git status -z -uno [2ms]
