2023-06-22 21:52:50.469 [info] Using settings sync service https://vscode-sync.trafficmanager.net/
2023-06-22 21:52:50.469 [info] Auto Sync is enabled.
2023-06-22 21:52:50.469 [info] Auto Sync: Suspended until auth token is available.
2023-06-22 21:52:51.524 [info] Deleting non existing profile from backup /home/joe/.config/Code/User/sync/extensions
2023-06-22 21:52:51.553 [info] Deleting non existing profile from backup /home/joe/.config/Code/User/sync/globalState
2023-06-22 21:52:51.573 [info] Deleting non existing profile from backup /home/joe/.config/Code/User/sync/keybindings
2023-06-22 21:52:51.574 [info] Deleting non existing profile from backup /home/joe/.config/Code/User/sync/profiles
2023-06-22 21:52:51.576 [info] Deleting non existing profile from backup /home/joe/.config/Code/User/sync/settings
2023-06-22 21:52:51.578 [info] Deleting non existing profile from backup /home/joe/.config/Code/User/sync/snippets
2023-06-22 21:52:51.579 [info] Deleting non existing profile from backup /home/joe/.config/Code/User/sync/tasks
2023-06-22 21:53:03.397 [info] Auto Sync: Triggered by Interval
2023-06-22 21:53:03.398 [info] Sync started.
2023-06-22 21:53:03.705 [info] Settings: Last sync resource does not exist locally.
2023-06-22 21:53:03.835 [info] Settings: No changes found during synchronizing settings.
2023-06-22 21:53:03.846 [info] Keybindings: Last sync resource does not exist locally.
2023-06-22 21:53:03.934 [info] Keybindings: No changes found during synchronizing keybindings.
2023-06-22 21:53:03.939 [info] Snippets: Last sync resource does not exist locally.
2023-06-22 21:53:04.023 [info] Snippets: No changes found during synchronizing snippets.
2023-06-22 21:53:04.031 [info] Tasks: Last sync resource does not exist locally.
2023-06-22 21:53:04.108 [info] Tasks: No changes found during synchronizing tasks.
2023-06-22 21:53:04.112 [info] GlobalState: Last sync resource does not exist locally.
2023-06-22 21:53:04.308 [info] GlobalState: No changes found during synchronizing ui state.
2023-06-22 21:53:04.315 [info] Extensions: Last sync resource does not exist locally.
2023-06-22 21:53:04.526 [info] Extensions: No changes found during synchronizing extensions.
2023-06-22 21:53:04.529 [info] Profiles: Last sync resource does not exist locally.
2023-06-22 21:53:04.601 [info] Profiles: No changes found during synchronizing profiles.
2023-06-22 21:53:04.607 [info] Sync done. Took 1210ms
2023-06-22 21:54:05.440 [info] Auto Sync: Triggered by Activity
2023-06-22 21:54:05.441 [info] Sync started.
2023-06-22 21:54:05.530 [info] Settings: No changes found during synchronizing settings.
2023-06-22 21:54:05.546 [info] Keybindings: No changes found during synchronizing keybindings.
2023-06-22 21:54:05.566 [info] Snippets: No changes found during synchronizing snippets.
2023-06-22 21:54:05.575 [info] Tasks: No changes found during synchronizing tasks.
2023-06-22 21:54:05.588 [info] GlobalState: No changes found during synchronizing ui state.
2023-06-22 21:54:05.752 [info] Extensions: No changes found during synchronizing extensions.
2023-06-22 21:54:05.754 [info] Profiles: No changes found during synchronizing profiles.
2023-06-22 21:54:05.758 [info] Sync done. Took 319ms
2023-06-22 21:54:54.087 [info] Auto Sync: Triggered by Activity
2023-06-22 21:54:54.088 [info] Sync started.
2023-06-22 21:54:54.176 [info] Settings: No changes found during synchronizing settings.
