2023-06-23 22:02:26.125 [info] Reading sessions from keychain...
2023-06-23 22:02:26.125 [info] Getting sessions for all scopes...
2023-06-23 22:02:26.125 [info] Getting sessions for user:email...
2023-06-23 22:02:26.125 [info] Got 0 sessions for ...
2023-06-23 22:02:26.125 [info] Got 0 sessions for user:email...
2023-06-23 22:02:26.245 [info] Getting sessions for all scopes...
2023-06-23 22:02:26.245 [info] Got 0 sessions for ...
2023-06-23 22:02:32.563 [info] Getting sessions for all scopes...
2023-06-23 22:02:32.563 [info] Got 0 sessions for ...
2023-06-23 22:03:41.116 [info] Reading sessions from keychain...
2023-06-23 22:03:41.116 [info] Getting sessions for all scopes...
2023-06-23 22:03:41.116 [info] Getting sessions for user:email...
2023-06-23 22:03:41.116 [info] Got 0 sessions for ...
2023-06-23 22:03:41.116 [info] Got 0 sessions for user:email...
2023-06-23 22:03:41.116 [info] Getting sessions for all scopes...
2023-06-23 22:03:41.116 [info] Got 0 sessions for ...
2023-06-23 22:03:41.140 [info] Getting sessions for user:email...
2023-06-23 22:03:41.140 [info] Got 0 sessions for user:email...
2023-06-23 22:03:41.141 [info] Getting sessions for all scopes...
2023-06-23 22:03:41.141 [info] Got 0 sessions for ...
