2023-06-23 22:04:40.602 [info] Experiment 'pythonPromptNewFormatterExt' is active
2023-06-23 22:04:40.602 [info] Experiment 'pythonPromptNewToolsExt' is active
2023-06-23 22:04:40.724 [info] Test server listening.
2023-06-23 22:04:40.734 [info] > conda info --json
2023-06-23 22:04:41.024 [info] Found: /bin/python3 --> /bin/python3.11
2023-06-23 22:04:41.027 [info] Found: /bin/python3.11 --> /bin/python3.11
2023-06-23 22:04:41.029 [warning] Retry failed, storage update failed for key PYTHON_GLOBAL_STORAGE_KEYS
2023-06-23 22:04:41.029 [warning] Retry failed, storage update failed for key PYTHON_GLOBAL_STORAGE_KEYS
2023-06-23 22:04:41.029 [warning] Retry failed, storage update failed for key PYTHON_GLOBAL_STORAGE_KEYS
2023-06-23 22:04:41.029 [warning] Retry failed, storage update failed for key PYTHON_GLOBAL_STORAGE_KEYS
2023-06-23 22:04:41.029 [warning] Retry failed, storage update failed for key PYTHON_GLOBAL_STORAGE_KEYS
2023-06-23 22:04:41.029 [warning] Retry failed, storage update failed for key PYTHON_WORKSPACE_STORAGE_KEYS
2023-06-23 22:04:41.029 [warning] Retry failed, storage update failed for key PYTHON_WORKSPACE_STORAGE_KEYS
2023-06-23 22:04:41.029 [warning] Retry failed, storage update failed for key PYTHON_WORKSPACE_STORAGE_KEYS
2023-06-23 22:04:41.042 [info] Found: /usr/bin/python3 --> /usr/bin/python3.11
2023-06-23 22:04:41.042 [info] Found: /usr/bin/python3.11 --> /usr/bin/python3.11
2023-06-23 22:04:41.067 [info] > /bin/python3 -I ~/.vscode/extensions/ms-python.python-2023.10.1/pythonFiles/get_output_via_markers.py ~/.vscode/extensions/ms-python.python-2023.10.1/pythonFiles/interpreterInfo.py
2023-06-23 22:04:41.079 [info] > /usr/bin/python3 -I ~/.vscode/extensions/ms-python.python-2023.10.1/pythonFiles/get_output_via_markers.py ~/.vscode/extensions/ms-python.python-2023.10.1/pythonFiles/interpreterInfo.py
2023-06-23 22:04:41.175 [info] Python interpreter path: /bin/python3
2023-06-23 22:04:41.208 [warning] Retry failed, storage update failed for key PYTHON_GLOBAL_STORAGE_KEYS
2023-06-23 22:04:42.444 [info] Starting Pylance language server.
