2023-06-26 20:39:45.799 [info] Reading sessions from keychain...
2023-06-26 20:39:45.799 [info] Getting sessions for all scopes...
2023-06-26 20:39:45.799 [info] Getting sessions for user:email...
2023-06-26 20:39:45.799 [info] Got 0 sessions for ...
2023-06-26 20:39:45.799 [info] Got 0 sessions for user:email...
2023-06-26 20:39:46.015 [info] Getting sessions for all scopes...
2023-06-26 20:39:46.015 [info] Got 0 sessions for ...
2023-06-26 20:39:50.286 [info] Getting sessions for all scopes...
2023-06-26 20:39:50.286 [info] Got 0 sessions for ...
2023-06-26 21:05:46.900 [info] Reading sessions from keychain...
2023-06-26 21:05:46.901 [info] Getting sessions for all scopes...
2023-06-26 21:05:46.901 [info] Getting sessions for user:email...
2023-06-26 21:05:46.901 [info] Getting sessions for all scopes...
2023-06-26 21:05:46.901 [info] Got 0 sessions for ...
2023-06-26 21:05:46.901 [info] Got 0 sessions for user:email...
2023-06-26 21:05:46.901 [info] Got 0 sessions for ...
2023-06-26 21:05:47.094 [info] Getting sessions for user:email...
2023-06-26 21:05:47.094 [info] Got 0 sessions for user:email...
2023-06-26 21:05:47.212 [info] Getting sessions for all scopes...
2023-06-26 21:05:47.212 [info] Got 0 sessions for ...
