2023-06-23 22:02:24.206 [info] Added views:workbench.panel.markers.view in workbench.panel.markers
2023-06-23 22:02:24.206 [info] Added views:workbench.panel.output in workbench.panel.output
2023-06-23 22:02:24.206 [info] Added views:terminal in terminal
2023-06-23 22:02:24.206 [info] Added views:outline in workbench.view.explorer
2023-06-23 22:02:24.206 [info] Added views:workbench.scm in workbench.view.scm
2023-06-23 22:02:24.206 [info] Added views:workbench.view.search in workbench.view.search
2023-06-23 22:02:24.206 [info] Added views:timeline in workbench.view.explorer
2023-06-23 22:02:24.206 [info] Added views:workbench.explorer.fileView in workbench.view.explorer
2023-06-23 22:02:24.520 [info] Added views:workbench.debug.welcome in workbench.view.debug
2023-06-23 22:02:25.388 [info] Added views:workbench.panel.repl.view in workbench.panel.repl
2023-06-23 22:03:19.536 [info] Added views:workbench.views.profiles.import.preview in userDataProfiles
2023-06-23 22:03:40.393 [info] Added views:remoteTargets in workbench.view.remote
2023-06-23 22:03:40.865 [info] Removed views:workbench.panel.repl.view from workbench.panel.repl
2023-06-23 22:03:40.949 [info] Removed views:workbench.views.profiles.import.preview from userDataProfiles
2023-06-23 22:03:41.005 [info] Added views:workbench.panel.repl.view in workbench.panel.repl
2023-06-23 22:04:15.400 [info] Added views:workbench.views.extensions.installed,workbench.views.extensions.popular,extensions.recommendedList in workbench.view.extensions
2023-06-23 22:04:15.418 [info] Removed views:workbench.views.extensions.popular from workbench.view.extensions
2023-06-23 22:04:16.229 [info] Removed views:extensions.recommendedList,workbench.views.extensions.installed from workbench.view.extensions
2023-06-23 22:04:16.249 [info] Added views:workbench.views.extensions.marketplace in workbench.view.extensions
2023-06-23 22:04:40.687 [info] Added views:workbench.view.testing in workbench.view.extension.test
